number,value,datetime_start,datetime_complete,duration,params_batch_size,params_d_lr,params_dropout,params_g_base,params_g_lr,params_lambda_l1,params_style_dim,state
0,0.6440727673470974,2026-10-02 21:03:29.071393,2026-10-02 21:05:17.312556,0 days 00:01:48.241163,8,0.0004463590152176814,0.25,64,0.00011844319751820385,17.24089219582153,8,COMPLETE
1,0.6167264580726624,2026-10-02 21:05:17.538947,2026-10-02 21:06:49.188279,0 days 00:01:31.649332,8,0.00010074238942079329,0.5,32,7.627364729026308e-05,11.492999300221415,32,COMPLETE
2,0.64688815549016,2026-10-02 21:06:49.378306,2026-10-02 21:07:34.554451,0 days 00:00:45.176145,32,7.404472559987598e-05,0.0,32,0.0002025418890664836,21.711034543766143,32,COMPLETE
3,0.6506475210189819,2026-10-02 21:07:34.765612,2026-10-02 21:08:30.588304,0 days 00:00:55.822692,16,0.0001024899026047509,0.5,32,0.00022987528923660826,26.501137707458977,16,COMPLETE
4,0.6749785207211971,2026-10-02 21:08:30.849965,2026-10-02 21:10:16.722261,0 days 00:01:45.872296,8,9.33940128553535e-05,0.25,64,0.0001223622048699507,83.10795711416078,32,COMPLETE
5,0.6585460118949413,2026-10-02 21:10:16.923569,2026-10-02 21:11:15.548864,0 days 00:00:58.625295,16,0.00029528429625303164,0.5,32,0.00026790275046159324,41.149615546913346,32,COMPLETE
6,0.49087877571582794,2026-10-02 21:11:15.766373,2026-10-02 21:11:25.407539,0 days 00:00:09.641166,32,0.00025835376300116367,0.25,48,6.585128442627556e-05,151.62513677579236,8,PRUNED
7,0.6581361554563046,2026-10-02 21:11:25.617176,2026-10-02 21:13:09.731906,0 days 00:01:44.114730,8,0.00012863315666249785,0.5,64,8.876918518261133e-05,50.315342656703216,32,COMPLETE
8,0.6874291300773621,2026-10-02 21:13:09.936528,2026-10-02 21:14:57.700838,0 days 00:01:47.764310,8,0.00039360563222625333,0.25,64,0.00032092988426622054,168.5597226442016,32,COMPLETE
9,0.5405652672052383,2026-10-02 21:14:57.905580,2026-10-02 21:15:07.108761,0 days 00:00:09.203181,32,0.00016510515227576283,0.0,32,0.00010523808491663066,23.04238391064944,8,PRUNED
