number,value,datetime_start,datetime_complete,duration,params_bal_w,params_ce_w,params_joint_lr,params_l1_w,params_tau,user_attrs_max_branch_share,state
0,0.7740532696247101,2026-10-03 02:15:02.740575,2026-10-03 02:16:25.034324,0 days 00:01:22.293749,0.0020513382630874496,0.10401663679887314,0.00025369990766817697,0.668543053481313,1.5979909127171077,0.32203856110572815,COMPLETE
1,0.7696971893310547,2026-10-03 02:16:25.436808,2026-10-03 02:17:34.461684,0 days 00:01:09.024876,0.02607024758370768,0.10502105436744279,1.2184186502221756e-05,0.5701975341512912,1.7992642186624028,0.31983286142349243,COMPLETE
2,0.7802928030490875,2026-10-03 02:17:34.799058,2026-10-03 02:18:44.178521,0 days 00:01:09.379463,0.0023102018878452934,0.022948683681130556,0.00027081608642499667,0.5092630224331111,1.7486639612006325,0.5098341107368469,COMPLETE
3,0.8162498056888581,2026-10-03 02:18:44.559325,2026-10-03 02:19:53.680541,0 days 00:01:09.121216,0.0038234752246751854,0.054182823195332394,2.8145092716060658e-05,0.5825320294340453,1.2871346474483567,0.36035263538360596,COMPLETE
4,0.8422951102256775,2026-10-03 02:19:54.032725,2026-10-03 02:21:03.148098,0 days 00:01:09.115373,0.008168455894760165,0.04192159350410975,1.6071238512039884e-05,0.7753338026250707,0.9382169728028272,0.34732142090797424,COMPLETE
5,0.7980649530887604,2026-10-03 02:21:03.547782,2026-10-03 02:22:13.673242,0 days 00:01:10.125460,0.001238513729886093,0.10150667045928574,1.9721610970574002e-05,0.8533291826268561,1.2713516576204174,0.26819124817848206,COMPLETE
6,0.8638775050640106,2026-10-03 02:22:14.046962,2026-10-03 02:23:22.982264,0 days 00:01:08.935302,0.08536189862866832,0.4093813608598781,1.786013788939709e-05,0.7733951833556472,0.5975773894779193,0.25755980610847473,COMPLETE
7,0.8645444810390472,2026-10-03 02:23:23.375492,2026-10-03 02:24:32.420847,0 days 00:01:09.045355,0.007591104805282696,0.1453755557616192,2.8180680291847213e-05,0.8637788066524075,0.6465081710095758,0.25722357630729675,COMPLETE
8,0.8638673722743988,2026-10-03 02:24:32.797884,2026-10-03 02:25:42.025233,0 days 00:01:09.227349,0.0032927591344236173,0.35067764992972184,5.3881085778172374e-05,0.5549172056801505,0.5515827816728276,0.2572069764137268,COMPLETE
9,0.801495361328125,2026-10-03 02:25:42.559929,2026-10-03 02:26:15.304716,0 days 00:00:32.744787,0.0023426581058204046,0.0848876216140871,2.8869220380495717e-05,0.7981350279592918,1.2801020317667162,0.2774772346019745,PRUNED
