number,value,datetime_start,datetime_complete,duration,params_alpha,params_base,params_batch_size,params_dropout,params_latent_ch,params_lr,system_attrs_tpe:relative_params:0,state
0,0.4839539438486099,2026-10-03 01:47:07.253393,2026-10-03 01:47:35.255962,0 days 00:00:28.002569,0.8745991883601898,32,32,0.29097295564859826,64,0.0007106591851092234,,COMPLETE
1,0.41239221692085265,2026-10-03 01:47:35.492123,2026-10-03 01:48:04.239723,0 days 00:00:28.747600,0.8533291826268561,48,128,0.13682099526511077,64,0.0004891706203866443,,COMPLETE
2,0.4046121448278427,2026-10-03 01:48:04.481275,2026-10-03 01:48:21.525521,0 days 00:00:17.044246,0.8079048619304705,24,64,0.029301634201915158,64,0.00047511094677356254,,COMPLETE
3,0.4419811338186264,2026-10-03 01:48:21.770790,2026-10-03 01:48:40.394667,0 days 00:00:18.623877,0.8488097705125015,32,64,0.29087538832936755,8,0.000826558789485323,,COMPLETE
4,0.3200096160173416,2026-10-03 01:48:40.594075,2026-10-03 01:48:55.087337,0 days 00:00:14.493262,0.6264205293593214,48,128,0.10702599800807679,64,0.0026098779385539945,,PRUNED
5,0.4036265552043915,2026-10-03 01:48:55.372194,2026-10-03 01:49:11.877520,0 days 00:00:16.505326,0.5333200932803407,24,64,0.2313811040057837,8,0.0010466882235417663,,PRUNED
6,0.4592545449733734,2026-10-03 01:49:12.125608,2026-10-03 01:49:41.004157,0 days 00:00:28.878549,0.5538174106722358,48,64,0.14166447754858477,8,0.0006848366327971538,,COMPLETE
7,0.3119007170200348,2026-10-03 01:49:41.224957,2026-10-03 01:49:55.755790,0 days 00:00:14.530833,0.7288568110241163,48,128,0.094306794322898,16,0.0015501225780069814,,PRUNED
8,0.30334095358848573,2026-10-03 01:49:56.092017,2026-10-03 01:50:05.296057,0 days 00:00:09.204040,0.8616524346046015,24,128,0.2614381770563153,32,0.0024248659134486093,,PRUNED
9,0.5058242201805114,2026-10-03 01:50:05.558963,2026-10-03 01:50:34.978080,0 days 00:00:29.419117,0.7298362861599046,48,32,0.002085639159357211,8,0.0004609897972837507,,COMPLETE
10,0.4934459626674652,2026-10-03 01:50:35.316758,2026-10-03 01:51:04.165548,0 days 00:00:28.848790,0.7420849364134898,48,32,0.07814036597150843,8,0.0004395954529525147,"{""alpha"": 0.7420849364134898, ""base"": 48, ""batch_size"": 32, ""dropout"": 0.07814036597150843, ""latent_ch"": 8, ""lr"": 0.0004395954529525147}",COMPLETE
11,0.4934581726789474,2026-10-03 01:51:04.415010,2026-10-03 01:51:33.787390,0 days 00:00:29.372380,0.7199104319336427,48,32,0.04491484200987112,8,0.00032014791372562826,"{""alpha"": 0.7199104319336427, ""base"": 48, ""batch_size"": 32, ""dropout"": 0.04491484200987112, ""latent_ch"": 8, ""lr"": 0.00032014791372562826}",COMPLETE
