number,value,datetime_start,datetime_complete,duration,params_alpha,params_base,params_batch_size,params_dropout,params_latent_ch,params_lr,system_attrs_tpe:relative_params:0,state
0,0.44724287986755373,2026-10-02 21:16:12.074930,2026-10-02 21:16:43.097968,0 days 00:00:31.023038,0.8745991883601898,32,32,0.29097295564859826,64,0.0007106591851092234,,COMPLETE
1,0.3751858949661255,2026-10-02 21:16:43.332344,2026-10-02 21:17:19.488748,0 days 00:00:36.156404,0.8533291826268561,48,128,0.13682099526511077,64,0.0004891706203866443,,COMPLETE
2,0.3751345336437225,2026-10-02 21:17:19.730605,2026-10-02 21:17:41.893396,0 days 00:00:22.162791,0.8079048619304705,24,64,0.029301634201915158,64,0.00047511094677356254,,COMPLETE
3,0.33920233845710757,2026-10-02 21:17:42.101077,2026-10-02 21:17:54.745908,0 days 00:00:12.644831,0.8488097705125015,32,64,0.29087538832936755,8,0.000826558789485323,,PRUNED
4,0.3220641165971756,2026-10-02 21:17:55.100104,2026-10-02 21:18:14.598926,0 days 00:00:19.498822,0.6264205293593214,48,128,0.10702599800807679,64,0.0026098779385539945,,PRUNED
5,0.4167937755584717,2026-10-02 21:18:14.928224,2026-10-02 21:18:37.957764,0 days 00:00:23.029540,0.5333200932803407,24,64,0.2313811040057837,8,0.0010466882235417663,,COMPLETE
6,0.43327039778232573,2026-10-02 21:18:38.171632,2026-10-02 21:19:18.938699,0 days 00:00:40.767067,0.5538174106722358,48,64,0.14166447754858477,8,0.0006848366327971538,,COMPLETE
7,0.3042990803718567,2026-10-02 21:19:19.161644,2026-10-02 21:19:39.931727,0 days 00:00:20.770083,0.7288568110241163,48,128,0.094306794322898,16,0.0015501225780069814,,PRUNED
8,0.3075764745473862,2026-10-02 21:19:40.212737,2026-10-02 21:19:51.814908,0 days 00:00:11.602171,0.8616524346046015,24,128,0.2614381770563153,32,0.0024248659134486093,,PRUNED
9,0.4683010518550873,2026-10-02 21:19:52.093228,2026-10-02 21:26:12.984285,0 days 00:06:20.891057,0.7298362861599046,48,32,0.002085639159357211,8,0.0004609897972837507,,COMPLETE
10,0.4636117070913315,2026-10-02 21:26:13.631708,2026-10-02 21:27:47.696390,0 days 00:01:34.064682,0.7420849364134898,48,32,0.07814036597150843,8,0.0004395954529525147,"{""alpha"": 0.7420849364134898, ""base"": 48, ""batch_size"": 32, ""dropout"": 0.07814036597150843, ""latent_ch"": 8, ""lr"": 0.0004395954529525147}",COMPLETE
11,0.4624698668718338,2026-10-02 21:27:47.969402,2026-10-02 21:29:14.166083,0 days 00:01:26.196681,0.7199104319336427,48,32,0.04491484200987112,8,0.00032014791372562826,"{""alpha"": 0.7199104319336427, ""base"": 48, ""batch_size"": 32, ""dropout"": 0.04491484200987112, ""latent_ch"": 8, ""lr"": 0.00032014791372562826}",COMPLETE
12,0.34557162821292875,2026-10-02 21:29:14.450745,2026-10-02 21:29:57.749235,0 days 00:00:43.298490,0.810078258528351,48,32,0.05547608668014198,8,0.0014977650767844957,"{""alpha"": 0.810078258528351, ""base"": 48, ""batch_size"": 32, ""dropout"": 0.05547608668014198, ""latent_ch"": 8, ""lr"": 0.0014977650767844957}",PRUNED
13,0.46471825838088987,2026-10-02 21:29:58.028264,2026-10-02 21:31:19.760183,0 days 00:01:21.731919,0.7025063537206458,48,32,0.17990805285190528,8,0.000351394261898056,"{""alpha"": 0.7025063537206458, ""base"": 48, ""batch_size"": 32, ""dropout"": 0.17990805285190528, ""latent_ch"": 8, ""lr"": 0.000351394261898056}",COMPLETE
14,0.46499405801296234,2026-10-02 21:31:19.966676,2026-10-02 21:32:43.562665,0 days 00:01:23.595989,0.7170997434428624,48,32,0.22202134111116817,8,0.0004503555444510533,"{""alpha"": 0.7170997434428624, ""base"": 48, ""batch_size"": 32, ""dropout"": 0.22202134111116817, ""latent_ch"": 8, ""lr"": 0.0004503555444510533}",COMPLETE
